{
  "RSpec": {
    "coverage": {
      "/Users/daktari/Tutor/Challenges/Ruby/noble-shop/spec/models/category_spec.rb": {
        "lines": [
          1,
          null,
          1,
          3,
          2,
          2,
          null
        ]
      },
      "/Users/daktari/Tutor/Challenges/Ruby/noble-shop/spec/rails_helper.rb": {
        "lines": [
          null,
          1,
          1,
          1,
          null,
          1,
          1,
          null,
          null,
          1,
          1,
          null,
          null,
          null,
          null,
          null,
          null,
          null,
          null,
          null,
          null,
          null,
          null,
          null,
          null,
          null,
          null,
          null,
          null,
          null,
          1,
          null,
          0,
          0,
          null,
          1,
          null,
          1,
          null,
          null,
          null,
          null,
          1,
          null,
          null,
          null,
          null,
          null,
          null,
          null,
          null,
          null,
          null,
          null,
          null,
          null,
          null,
          null,
          null,
          null,
          1,
          null,
          null,
          1,
          null,
          null,
          null,
          null,
          1,
          1,
          1,
          1,
          null,
          null
        ]
      },
      "/Users/daktari/Tutor/Challenges/Ruby/noble-shop/config/environment.rb": {
        "lines": [
          null,
          1,
          null,
          null,
          1
        ]
      },
      "/Users/daktari/Tutor/Challenges/Ruby/noble-shop/config/application.rb": {
        "lines": [
          1,
          null,
          1,
          null,
          1,
          1,
          1,
          1,
          1,
          1,
          1,
          1,
          1,
          1,
          1,
          null,
          null,
          null,
          null,
          1,
          null,
          1,
          1,
          null,
          1,
          null,
          null,
          null,
          null,
          null,
          null,
          null,
          1,
          null,
          null
        ]
      },
      "/Users/daktari/Tutor/Challenges/Ruby/noble-shop/config/boot.rb": {
        "lines": [
          1,
          null,
          1,
          1
        ]
      },
      "/Users/daktari/Tutor/Challenges/Ruby/noble-shop/config/environments/test.rb": {
        "lines": [
          null,
          null,
          null,
          null,
          null,
          1,
          null,
          null,
          1,
          1,
          null,
          null,
          null,
          null,
          1,
          null,
          null,
          1,
          1,
          null,
          null,
          null,
          null,
          1,
          1,
          1,
          null,
          null,
          1,
          null,
          null,
          1,
          null,
          null,
          1,
          null,
          1,
          null,
          null,
          null,
          null,
          1,
          null,
          null,
          1,
          null,
          null,
          null,
          null
        ]
      },
      "/Users/daktari/Tutor/Challenges/Ruby/noble-shop/config/initializers/application_controller_renderer.rb": {
        "lines": [
          null,
          null,
          null,
          null,
          null,
          null,
          null,
          null
        ]
      },
      "/Users/daktari/Tutor/Challenges/Ruby/noble-shop/config/initializers/assets.rb": {
        "lines": [
          null,
          null,
          null,
          1,
          null,
          null,
          null,
          null,
          1,
          null,
          null,
          null,
          null,
          null
        ]
      },
      "/Users/daktari/Tutor/Challenges/Ruby/noble-shop/config/initializers/backtrace_silencers.rb": {
        "lines": [
          null,
          null,
          null,
          null,
          null,
          null,
          null
        ]
      },
      "/Users/daktari/Tutor/Challenges/Ruby/noble-shop/config/initializers/content_security_policy.rb": {
        "lines": [
          null,
          null,
          null,
          null,
          null,
          null,
          null,
          null,
          null,
          null,
          null,
          null,
          null,
          null,
          null,
          null,
          null,
          null,
          null,
          null,
          null,
          null,
          null,
          null,
          null,
          null,
          null,
          null,
          null,
          null
        ]
      },
      "/Users/daktari/Tutor/Challenges/Ruby/noble-shop/config/initializers/cookies_serializer.rb": {
        "lines": [
          null,
          null,
          null,
          null,
          1
        ]
      },
      "/Users/daktari/Tutor/Challenges/Ruby/noble-shop/config/initializers/filter_parameter_logging.rb": {
        "lines": [
          null,
          null,
          null,
          1
        ]
      },
      "/Users/daktari/Tutor/Challenges/Ruby/noble-shop/config/initializers/inflections.rb": {
        "lines": [
          null,
          null,
          null,
          null,
          null,
          null,
          null,
          null,
          null,
          null,
          null,
          null,
          null,
          null,
          null,
          null
        ]
      },
      "/Users/daktari/Tutor/Challenges/Ruby/noble-shop/config/initializers/mime_types.rb": {
        "lines": [
          null,
          null,
          null,
          null
        ]
      },
      "/Users/daktari/Tutor/Challenges/Ruby/noble-shop/config/initializers/wrap_parameters.rb": {
        "lines": [
          null,
          null,
          null,
          null,
          null,
          null,
          1,
          2,
          null,
          null,
          null,
          null,
          null,
          null
        ]
      },
      "/Users/daktari/Tutor/Challenges/Ruby/noble-shop/spec/factories/categories.rb": {
        "lines": [
          1,
          1,
          15,
          null,
          null
        ]
      },
      "/Users/daktari/Tutor/Challenges/Ruby/noble-shop/spec/factories/options.rb": {
        "lines": [
          1,
          1,
          7,
          1,
          null,
          null
        ]
      },
      "/Users/daktari/Tutor/Challenges/Ruby/noble-shop/spec/factories/products.rb": {
        "lines": [
          1,
          1,
          8,
          8,
          8,
          1,
          null,
          null
        ]
      },
      "/Users/daktari/Tutor/Challenges/Ruby/noble-shop/spec/factories/subtypes.rb": {
        "lines": [
          1,
          1,
          14,
          null,
          null
        ]
      },
      "/Users/daktari/Tutor/Challenges/Ruby/noble-shop/config/routes.rb": {
        "lines": [
          1,
          1,
          1,
          null,
          1,
          1,
          null,
          1,
          null
        ]
      },
      "/Users/daktari/Tutor/Challenges/Ruby/noble-shop/app/helpers/application_helper.rb": {
        "lines": [
          1,
          null
        ]
      },
      "/Users/daktari/Tutor/Challenges/Ruby/noble-shop/app/helpers/categories_helper.rb": {
        "lines": [
          1,
          null
        ]
      },
      "/Users/daktari/Tutor/Challenges/Ruby/noble-shop/app/helpers/options_helper.rb": {
        "lines": [
          1,
          null
        ]
      },
      "/Users/daktari/Tutor/Challenges/Ruby/noble-shop/app/helpers/products_helper.rb": {
        "lines": [
          1,
          null
        ]
      },
      "/Users/daktari/Tutor/Challenges/Ruby/noble-shop/app/helpers/subtypes_helper.rb": {
        "lines": [
          1,
          null
        ]
      },
      "/Users/daktari/Tutor/Challenges/Ruby/noble-shop/spec/support/factory_bot.rb": {
        "lines": [
          1,
          1,
          null
        ]
      },
      "/Users/daktari/Tutor/Challenges/Ruby/noble-shop/app/models/category.rb": {
        "lines": [
          1,
          1,
          1,
          1,
          1,
          null
        ]
      },
      "/Users/daktari/Tutor/Challenges/Ruby/noble-shop/app/models/application_record.rb": {
        "lines": [
          1,
          1,
          null
        ]
      },
      "/Users/daktari/Tutor/Challenges/Ruby/noble-shop/spec/models/option_spec.rb": {
        "lines": [
          1,
          null,
          1,
          3,
          2,
          2,
          null
        ]
      },
      "/Users/daktari/Tutor/Challenges/Ruby/noble-shop/app/models/option.rb": {
        "lines": [
          1,
          1,
          1,
          1,
          null
        ]
      },
      "/Users/daktari/Tutor/Challenges/Ruby/noble-shop/spec/models/product_spec.rb": {
        "lines": [
          1,
          null,
          1,
          4,
          2,
          2,
          2,
          null
        ]
      },
      "/Users/daktari/Tutor/Challenges/Ruby/noble-shop/app/models/product.rb": {
        "lines": [
          1,
          1,
          1,
          null
        ]
      },
      "/Users/daktari/Tutor/Challenges/Ruby/noble-shop/spec/models/subtype_spec.rb": {
        "lines": [
          1,
          null,
          1,
          3,
          2,
          2,
          null
        ]
      },
      "/Users/daktari/Tutor/Challenges/Ruby/noble-shop/app/models/subtype.rb": {
        "lines": [
          1,
          1,
          1,
          1,
          null
        ]
      },
      "/Users/daktari/Tutor/Challenges/Ruby/noble-shop/spec/requests/category_request_spec.rb": {
        "lines": [
          1,
          null,
          1,
          4,
          1,
          1,
          1,
          1,
          null,
          null,
          1,
          1,
          null,
          null,
          null,
          null,
          1,
          1,
          null,
          null,
          null,
          1,
          1,
          null,
          1,
          null,
          null,
          null,
          null,
          null,
          1,
          4,
          null,
          null,
          null,
          1,
          1,
          null,
          1,
          null,
          null,
          null,
          null,
          null,
          1,
          1,
          null,
          null,
          1,
          1,
          null,
          null,
          null,
          null,
          null,
          null,
          1,
          2,
          1,
          1,
          null,
          null,
          1,
          1,
          null,
          null,
          null,
          1,
          2,
          2,
          1,
          1,
          null,
          null,
          1,
          1,
          null,
          null,
          null,
          1,
          1,
          1,
          1,
          null,
          null,
          1,
          1,
          null,
          null,
          null,
          1,
          1,
          1,
          1,
          1,
          null,
          null,
          1,
          1,
          null,
          null
        ]
      },
      "/Users/daktari/Tutor/Challenges/Ruby/noble-shop/spec/requests/option_request_spec.rb": {
        "lines": [
          1,
          null,
          1,
          2,
          2,
          1,
          1,
          1,
          1,
          null,
          null,
          null,
          null,
          1,
          4,
          null,
          null,
          null,
          null,
          null,
          1,
          2,
          2,
          1,
          1,
          null,
          null,
          1,
          1,
          null,
          null,
          null,
          1,
          1,
          1,
          1,
          1,
          1,
          null,
          null,
          1,
          1,
          null,
          null,
          null,
          1,
          1,
          1,
          1,
          1,
          null,
          null,
          null,
          1,
          null,
          null,
          1,
          1,
          null,
          null,
          null,
          1,
          1,
          1,
          1,
          1,
          1,
          null,
          null,
          1,
          1,
          null,
          null
        ]
      },
      "/Users/daktari/Tutor/Challenges/Ruby/noble-shop/spec/requests/product_request_spec.rb": {
        "lines": [
          1,
          null,
          1,
          2,
          2,
          1,
          1,
          1,
          1,
          null,
          null,
          null,
          null,
          null,
          null,
          null,
          null,
          null,
          null,
          1,
          4,
          null,
          null,
          null,
          null,
          null,
          1,
          2,
          2,
          1,
          1,
          null,
          null,
          1,
          1,
          null,
          null,
          null,
          1,
          1,
          1,
          1,
          1,
          1,
          null,
          null,
          1,
          1,
          null,
          null,
          null,
          1,
          1,
          1,
          1,
          1,
          null,
          null,
          null,
          null,
          null,
          null,
          null,
          null,
          null,
          1,
          null,
          null,
          1,
          1,
          null,
          null,
          null,
          1,
          1,
          1,
          1,
          1,
          1,
          null,
          null,
          1,
          1,
          null,
          null
        ]
      },
      "/Users/daktari/Tutor/Challenges/Ruby/noble-shop/spec/requests/subtype_request_spec.rb": {
        "lines": [
          1,
          null,
          1,
          4,
          1,
          1,
          1,
          1,
          null,
          null,
          1,
          1,
          null,
          null,
          null,
          null,
          1,
          1,
          null,
          null,
          null,
          1,
          1,
          null,
          1,
          null,
          null,
          null,
          null,
          null,
          1,
          4,
          null,
          null,
          null,
          1,
          1,
          null,
          1,
          null,
          null,
          null,
          null,
          null,
          1,
          1,
          null,
          null,
          1,
          1,
          null,
          null,
          null,
          null,
          null,
          1,
          2,
          1,
          1,
          null,
          null,
          1,
          1,
          null,
          null,
          null,
          1,
          2,
          2,
          1,
          1,
          null,
          null,
          1,
          1,
          null,
          null,
          null,
          1,
          1,
          1,
          1,
          null,
          null,
          1,
          1,
          null,
          null,
          null,
          1,
          1,
          1,
          1,
          1,
          null,
          null,
          1,
          1,
          null,
          null
        ]
      },
      "/Users/daktari/Tutor/Challenges/Ruby/noble-shop/app/controllers/application_controller.rb": {
        "lines": [
          1,
          null
        ]
      },
      "/Users/daktari/Tutor/Challenges/Ruby/noble-shop/app/controllers/categories_controller.rb": {
        "lines": [
          1,
          1,
          null,
          null,
          null,
          1,
          1,
          null,
          null,
          null,
          null,
          1,
          null,
          null,
          null,
          1,
          0,
          null,
          null,
          null,
          1,
          null,
          null,
          null,
          null,
          1,
          3,
          3,
          3,
          3,
          3,
          null,
          1,
          2,
          null,
          null,
          null,
          null,
          null,
          null,
          1,
          1,
          1,
          1,
          2,
          null,
          0,
          0,
          null,
          null,
          null,
          null,
          null,
          null,
          1,
          1,
          1,
          2,
          1,
          null,
          null,
          null,
          1,
          null,
          1,
          3,
          null,
          null,
          null,
          1,
          4,
          null,
          null
        ]
      },
      "/Users/daktari/Tutor/Challenges/Ruby/noble-shop/app/controllers/options_controller.rb": {
        "lines": [
          1,
          1,
          1,
          null,
          null,
          1,
          1,
          null,
          null,
          null,
          1,
          null,
          null,
          null,
          1,
          0,
          null,
          null,
          null,
          1,
          null,
          null,
          null,
          1,
          1,
          null,
          1,
          1,
          null,
          0,
          null,
          null,
          null,
          null,
          1,
          1,
          1,
          null,
          0,
          null,
          null,
          null,
          null,
          1,
          1,
          null,
          1,
          null,
          null,
          1,
          null,
          1,
          5,
          null,
          null,
          1,
          3,
          null,
          null,
          null,
          1,
          2,
          null,
          null
        ]
      },
      "/Users/daktari/Tutor/Challenges/Ruby/noble-shop/app/controllers/products_controller.rb": {
        "lines": [
          1,
          1,
          1,
          null,
          null,
          1,
          1,
          null,
          null,
          null,
          1,
          null,
          null,
          null,
          1,
          0,
          null,
          null,
          null,
          1,
          null,
          null,
          null,
          1,
          null,
          1,
          1,
          3,
          1,
          1,
          1,
          null,
          0,
          null,
          null,
          null,
          null,
          1,
          1,
          1,
          null,
          0,
          null,
          null,
          null,
          null,
          1,
          1,
          null,
          1,
          null,
          null,
          1,
          0,
          null,
          null,
          1,
          null,
          1,
          5,
          null,
          null,
          1,
          3,
          null,
          null,
          null,
          1,
          2,
          null,
          null
        ]
      },
      "/Users/daktari/Tutor/Challenges/Ruby/noble-shop/app/controllers/subtypes_controller.rb": {
        "lines": [
          1,
          1,
          null,
          null,
          null,
          1,
          1,
          null,
          null,
          null,
          null,
          1,
          null,
          null,
          null,
          1,
          0,
          null,
          null,
          null,
          1,
          null,
          null,
          null,
          null,
          1,
          3,
          null,
          3,
          3,
          3,
          3,
          null,
          1,
          2,
          null,
          null,
          null,
          null,
          null,
          null,
          1,
          1,
          1,
          1,
          2,
          null,
          0,
          0,
          null,
          null,
          null,
          null,
          null,
          null,
          1,
          1,
          1,
          2,
          1,
          null,
          null,
          null,
          1,
          null,
          1,
          3,
          null,
          null,
          null,
          1,
          4,
          null,
          null
        ]
      }
    },
    "timestamp": 1592495036
  }
}
